# JRE version: Java(TM) SE Runtime Environment (8.0_144-b01) (build 1.8.0_144-b01)
# Java VM: Java HotSpot(TM) Client VM (25.144-b01 mixed mode windows-x86 )
Heap:
 def new generation   total 39424K, used 24312K [0x05000000, 0x07ac0000, 0x0faa0000)
  eden space 35072K,  64% used [0x05000000, 0x06607d20, 0x07240000)
  from space 4352K,  40% used [0x07680000, 0x07836488, 0x07ac0000)
  to   space 4352K,   0% used [0x07240000, 0x07240000, 0x07680000)
 tenured generation   total 87424K, used 52474K [0x0faa0000, 0x15000000, 0x25000000)
   the space 87424K,  60% used [0x0faa0000, 0x12dde8c0, 0x12ddea00, 0x15000000)
 Metaspace       used 18983K, capacity 19488K, committed 19584K, reserved 19840K
GC Heap History (10 events):
Event: 205.076 GC heap before
{Heap before GC invocations=6 (full 1):
 def new generation   total 39424K, used 39424K [0x05000000, 0x07ac0000, 0x0faa0000)
  eden space 35072K, 100% used [0x05000000, 0x07240000, 0x07240000)
  from space 4352K, 100% used [0x07240000, 0x07680000, 0x07680000)
  to   space 4352K,   0% used [0x07680000, 0x07680000, 0x07ac0000)
 tenured generation   total 87424K, used 21378K [0x0faa0000, 0x15000000, 0x25000000)
   the space 87424K,  24% used [0x0faa0000, 0x10f809c8, 0x10f80a00, 0x15000000)
 Metaspace       used 18508K, capacity 18993K, committed 19072K, reserved 19840K
Event: 205.091 GC heap after
Heap after GC invocations=7 (full 1):
 def new generation   total 39424K, used 3836K [0x05000000, 0x07ac0000, 0x0faa0000)
  eden space 35072K,   0% used [0x05000000, 0x05000000, 0x07240000)
  from space 4352K,  88% used [0x07680000, 0x07a3f180, 0x07ac0000)
  to   space 4352K,   0% used [0x07240000, 0x07240000, 0x07680000)
 tenured generation   total 87424K, used 32848K [0x0faa0000, 0x15000000, 0x25000000)
   the space 87424K,  37% used [0x0faa0000, 0x11ab40f0, 0x11ab4200, 0x15000000)
 Metaspace       used 18508K, capacity 18993K, committed 19072K, reserved 19840K
}
Event: 3719.358 GC heap before
{Heap before GC invocations=7 (full 1):
 def new generation   total 39424K, used 38908K [0x05000000, 0x07ac0000, 0x0faa0000)
  eden space 35072K, 100% used [0x05000000, 0x07240000, 0x07240000)
  from space 4352K,  88% used [0x07680000, 0x07a3f180, 0x07ac0000)
  to   space 4352K,   0% used [0x07240000, 0x07240000, 0x07680000)
 tenured generation   total 87424K, used 32848K [0x0faa0000, 0x15000000, 0x25000000)
   the space 87424K,  37% used [0x0faa0000, 0x11ab40f0, 0x11ab4200, 0x15000000)
 Metaspace       used 18679K, capacity 19192K, committed 19200K, reserved 19840K
Event: 3719.374 GC heap after
Heap after GC invocations=8 (full 1):
 def new generation   total 39424K, used 1883K [0x05000000, 0x07ac0000, 0x0faa0000)
  eden space 35072K,   0% used [0x05000000, 0x05000000, 0x07240000)
  from space 4352K,  43% used [0x07240000, 0x07416f70, 0x07680000)
  to   space 4352K,   0% used [0x07680000, 0x07680000, 0x07ac0000)
 tenured generation   total 87424K, used 35443K [0x0faa0000, 0x15000000, 0x25000000)
   the space 87424K,  40% used [0x0faa0000, 0x11d3cf58, 0x11d3d000, 0x15000000)
 Metaspace       used 18679K, capacity 19192K, committed 19200K, reserved 19840K
}
Event: 7715.122 GC heap before
{Heap before GC invocations=8 (full 1):
 def new generation   total 39424K, used 36955K [0x05000000, 0x07ac0000, 0x0faa0000)
  eden space 35072K, 100% used [0x05000000, 0x07240000, 0x07240000)
  from space 4352K,  43% used [0x07240000, 0x07416f70, 0x07680000)
  to   space 4352K,   0% used [0x07680000, 0x07680000, 0x07ac0000)
 tenured generation   total 87424K, used 35443K [0x0faa0000, 0x15000000, 0x25000000)
   the space 87424K,  40% used [0x0faa0000, 0x11d3cf58, 0x11d3d000, 0x15000000)
 Metaspace       used 18954K, capacity 19453K, committed 19456K, reserved 19840K
Event: 7715.141 GC heap after
Heap after GC invocations=9 (full 1):
 def new generation   total 39424K, used 3378K [0x05000000, 0x07ac0000, 0x0faa0000)
  eden space 35072K,   0% used [0x05000000, 0x05000000, 0x07240000)
  from space 4352K,  77% used [0x07680000, 0x079cc870, 0x07ac0000)
  to   space 4352K,   0% used [0x07240000, 0x07240000, 0x07680000)
 tenured generation   total 87424K, used 43288K [0x0faa0000, 0x15000000, 0x25000000)
   the space 87424K,  49% used [0x0faa0000, 0x124e6368, 0x124e6400, 0x15000000)
 Metaspace       used 18954K, capacity 19453K, committed 19456K, reserved 19840K
}
Event: 11426.652 GC heap before
{Heap before GC invocations=9 (full 1):
 def new generation   total 39424K, used 38450K [0x05000000, 0x07ac0000, 0x0faa0000)
  eden space 35072K, 100% used [0x05000000, 0x07240000, 0x07240000)
  from space 4352K,  77% used [0x07680000, 0x079cc870, 0x07ac0000)
  to   space 4352K,   0% used [0x07240000, 0x07240000, 0x07680000)
 tenured generation   total 87424K, used 43288K [0x0faa0000, 0x15000000, 0x25000000)
   the space 87424K,  49% used [0x0faa0000, 0x124e6368, 0x124e6400, 0x15000000)
 Metaspace       used 18975K, capacity 19485K, committed 19584K, reserved 19840K
Event: 11426.659 GC heap after
Heap after GC invocations=10 (full 1):
 def new generation   total 39424K, used 1229K [0x05000000, 0x07ac0000, 0x0faa0000)
  eden space 35072K,   0% used [0x05000000, 0x05000000, 0x07240000)
  from space 4352K,  28% used [0x07240000, 0x073735e0, 0x07680000)
  to   space 4352K,   0% used [0x07680000, 0x07680000, 0x07ac0000)
 tenured generation   total 87424K, used 52474K [0x0faa0000, 0x15000000, 0x25000000)
   the space 87424K,  60% used [0x0faa0000, 0x12dde8c0, 0x12ddea00, 0x15000000)
 Metaspace       used 18975K, capacity 19485K, committed 19584K, reserved 19840K
}
Event: 16086.494 GC heap before
{Heap before GC invocations=10 (full 1):
 def new generation   total 39424K, used 36301K [0x05000000, 0x07ac0000, 0x0faa0000)
  eden space 35072K, 100% used [0x05000000, 0x07240000, 0x07240000)
  from space 4352K,  28% used [0x07240000, 0x073735e0, 0x07680000)
  to   space 4352K,   0% used [0x07680000, 0x07680000, 0x07ac0000)
 tenured generation   total 87424K, used 52474K [0x0faa0000, 0x15000000, 0x25000000)
   the space 87424K,  60% used [0x0faa0000, 0x12dde8c0, 0x12ddea00, 0x15000000)
 Metaspace       used 18977K, capacity 19485K, committed 19584K, reserved 19840K
Event: 16086.496 GC heap after
Heap after GC invocations=11 (full 1):
 def new generation   total 39424K, used 1753K [0x05000000, 0x07ac0000, 0x0faa0000)
  eden space 35072K,   0% used [0x05000000, 0x05000000, 0x07240000)
  from space 4352K,  40% used [0x07680000, 0x07836488, 0x07ac0000)
  to   space 4352K,   0% used [0x07240000, 0x07240000, 0x07680000)
 tenured generation   total 87424K, used 52474K [0x0faa0000, 0x15000000, 0x25000000)
   the space 87424K,  60% used [0x0faa0000, 0x12dde8c0, 0x12ddea00, 0x15000000)
 Metaspace       used 18977K, capacity 19485K, committed 19584K, reserved 19840K
}

